<?xml version="1.0" encoding="UTF-8"?>
<testng-results skipped="0" failed="0" ignored="0" total="0" passed="0">
  <reporter-output>
  </reporter-output>
  <suite name="Multiple Test Suites" duration-ms="11" started-at="2020-10-30T09:28:39 IST" finished-at="2020-10-30T09:28:39 IST">
    <groups>
    </groups>
    <test name="Test Node1" duration-ms="11" started-at="2020-10-30T09:28:39 IST" finished-at="2020-10-30T09:28:39 IST">
    </test> <!-- Test Node1 -->
  </suite> <!-- Multiple Test Suites -->
</testng-results>
